<?xml version="1.0" encoding="UTF-8"?>
<!-- Generated by org.testng.reporters.JUnitReportReporter -->
<testsuite hostname="wujuan-PC" name="com.blueway.ekor.uit.testcase.bet.Bet_001" tests="16" failures="0" timestamp="3 Aug 2017 07:11:19 GMT" time="19.863" errors="0">
  <testcase name="bet" time="0.535" classname="com.blueway.ekor.uit.testcase.bet.Bet_001"/>
  <testcase name="bet" time="1.035" classname="com.blueway.ekor.uit.testcase.bet.Bet_001"/>
  <testcase name="login" time="0.933" classname="com.blueway.ekor.uit.testcase.bet.Bet_001"/>
  <testcase name="bet" time="0.666" classname="com.blueway.ekor.uit.testcase.bet.Bet_001"/>
  <testcase name="bet" time="0.584" classname="com.blueway.ekor.uit.testcase.bet.Bet_001"/>
  <testcase name="bet" time="6.175" classname="com.blueway.ekor.uit.testcase.bet.Bet_001"/>
  <testcase name="bet" time="1.018" classname="com.blueway.ekor.uit.testcase.bet.Bet_001"/>
  <testcase name="bet" time="0.881" classname="com.blueway.ekor.uit.testcase.bet.Bet_001"/>
  <testcase name="bet" time="0.801" classname="com.blueway.ekor.uit.testcase.bet.Bet_001"/>
  <testcase name="bet" time="1.152" classname="com.blueway.ekor.uit.testcase.bet.Bet_001"/>
  <testcase name="bet" time="0.680" classname="com.blueway.ekor.uit.testcase.bet.Bet_001"/>
  <testcase name="bet" time="1.053" classname="com.blueway.ekor.uit.testcase.bet.Bet_001"/>
  <testcase name="bet" time="1.168" classname="com.blueway.ekor.uit.testcase.bet.Bet_001"/>
  <testcase name="bet" time="0.638" classname="com.blueway.ekor.uit.testcase.bet.Bet_001"/>
  <testcase name="bet" time="1.607" classname="com.blueway.ekor.uit.testcase.bet.Bet_001"/>
  <testcase name="bet" time="0.937" classname="com.blueway.ekor.uit.testcase.bet.Bet_001"/>
</testsuite> <!-- com.blueway.ekor.uit.testcase.bet.Bet_001 -->
