<?xml version="1.0" encoding="UTF-8"?>
<!-- Generated by org.testng.reporters.JUnitReportReporter -->
<testsuite hostname="wujuan-PC" name="com.blueway.ekor.uit.testcase.bet.Bet_001" tests="16" failures="0" timestamp="3 Aug 2017 07:42:50 GMT" time="19.527" errors="0">
  <testcase name="bet" time="1.030" classname="com.blueway.ekor.uit.testcase.bet.Bet_001"/>
  <testcase name="bet" time="0.625" classname="com.blueway.ekor.uit.testcase.bet.Bet_001"/>
  <testcase name="bet" time="0.634" classname="com.blueway.ekor.uit.testcase.bet.Bet_001"/>
  <testcase name="login" time="0.889" classname="com.blueway.ekor.uit.testcase.bet.Bet_001"/>
  <testcase name="bet" time="0.886" classname="com.blueway.ekor.uit.testcase.bet.Bet_001"/>
  <testcase name="bet" time="0.927" classname="com.blueway.ekor.uit.testcase.bet.Bet_001"/>
  <testcase name="bet" time="6.243" classname="com.blueway.ekor.uit.testcase.bet.Bet_001"/>
  <testcase name="bet" time="1.007" classname="com.blueway.ekor.uit.testcase.bet.Bet_001"/>
  <testcase name="bet" time="1.165" classname="com.blueway.ekor.uit.testcase.bet.Bet_001"/>
  <testcase name="bet" time="0.784" classname="com.blueway.ekor.uit.testcase.bet.Bet_001"/>
  <testcase name="bet" time="0.850" classname="com.blueway.ekor.uit.testcase.bet.Bet_001"/>
  <testcase name="bet" time="1.621" classname="com.blueway.ekor.uit.testcase.bet.Bet_001"/>
  <testcase name="bet" time="0.587" classname="com.blueway.ekor.uit.testcase.bet.Bet_001"/>
  <testcase name="bet" time="1.138" classname="com.blueway.ekor.uit.testcase.bet.Bet_001"/>
  <testcase name="bet" time="0.593" classname="com.blueway.ekor.uit.testcase.bet.Bet_001"/>
  <testcase name="bet" time="0.548" classname="com.blueway.ekor.uit.testcase.bet.Bet_001"/>
</testsuite> <!-- com.blueway.ekor.uit.testcase.bet.Bet_001 -->
