<?xml version="1.0" encoding="UTF-8"?>
<!-- Generated by org.testng.reporters.JUnitReportReporter -->
<testsuite hostname="wujuan-PC" name="com.blueway.test.uit.testcase.login.Login_001" tests="1" failures="0" timestamp="1 Aug 2017 07:49:11 GMT" time="0.513" errors="0">
  <testcase name="login" time="0.513" classname="com.blueway.test.uit.testcase.login.Login_001"/>
</testsuite> <!-- com.blueway.test.uit.testcase.login.Login_001 -->
