<?xml version="1.0" encoding="UTF-8"?>
<!-- Generated by org.testng.reporters.JUnitReportReporter -->
<testsuite hostname="wujuan-PC" name="com.blueway.test.uit.testcase.Login_001" tests="1" failures="0" timestamp="31 Jul 2017 09:16:11 GMT" time="63.723" errors="0">
  <testcase name="login" time="63.723" classname="com.blueway.test.uit.testcase.Login_001"/>
</testsuite> <!-- com.blueway.test.uit.testcase.Login_001 -->
